0 info it worked if it ends with ok
1 verbose cli [ '/Users/cseckler/.nvm/versions/node/v5.12.0/bin/node',
1 verbose cli   '/Users/cseckler/.nvm/versions/node/v5.12.0/bin/npm',
1 verbose cli   'run',
1 verbose cli   'start' ]
2 info using npm@3.8.6
3 info using node@v5.12.0
4 verbose run-script [ 'prestart', 'start', 'poststart' ]
5 info lifecycle reactjs-basics@1.0.0~prestart: reactjs-basics@1.0.0
6 silly lifecycle reactjs-basics@1.0.0~prestart: no script for prestart, continuing
7 info lifecycle reactjs-basics@1.0.0~start: reactjs-basics@1.0.0
8 verbose lifecycle reactjs-basics@1.0.0~start: unsafe-perm in lifecycle true
9 verbose lifecycle reactjs-basics@1.0.0~start: PATH: /Users/cseckler/.nvm/versions/node/v5.12.0/lib/node_modules/npm/bin/node-gyp-bin:/Applications/MAMP/htdocs/learning/javascript/react/reactjs-css-animation-basics/node_modules/.bin:/Users/cseckler/.nvm/versions/node/v5.12.0/bin:/Users/cseckler/.nvm/versions/node/v5.12.0/bin:.:/usr/local/git/bin:/usr/local/bin:/usr/bin:/bin:/usr/sbin:/sbin:/usr/local/munki:/Users/cseckler/Dev/docker-mercury/bin
10 verbose lifecycle reactjs-basics@1.0.0~start: CWD: /Applications/MAMP/htdocs/learning/javascript/react/reactjs-css-animation-basics
11 silly lifecycle reactjs-basics@1.0.0~start: Args: [ '-c', 'npm run build' ]
12 silly lifecycle reactjs-basics@1.0.0~start: Returned: code: 1  signal: null
13 info lifecycle reactjs-basics@1.0.0~start: Failed to exec start script
14 verbose stack Error: reactjs-basics@1.0.0 start: `npm run build`
14 verbose stack Exit status 1
14 verbose stack     at EventEmitter.<anonymous> (/Users/cseckler/.nvm/versions/node/v5.12.0/lib/node_modules/npm/lib/utils/lifecycle.js:239:16)
14 verbose stack     at emitTwo (events.js:100:13)
14 verbose stack     at EventEmitter.emit (events.js:185:7)
14 verbose stack     at ChildProcess.<anonymous> (/Users/cseckler/.nvm/versions/node/v5.12.0/lib/node_modules/npm/lib/utils/spawn.js:24:14)
14 verbose stack     at emitTwo (events.js:100:13)
14 verbose stack     at ChildProcess.emit (events.js:185:7)
14 verbose stack     at maybeClose (internal/child_process.js:850:16)
14 verbose stack     at Process.ChildProcess._handle.onexit (internal/child_process.js:215:5)
15 verbose pkgid reactjs-basics@1.0.0
16 verbose cwd /Applications/MAMP/htdocs/learning/javascript/react/reactjs-css-animation-basics
17 error Darwin 14.5.0
18 error argv "/Users/cseckler/.nvm/versions/node/v5.12.0/bin/node" "/Users/cseckler/.nvm/versions/node/v5.12.0/bin/npm" "run" "start"
19 error node v5.12.0
20 error npm  v3.8.6
21 error code ELIFECYCLE
22 error reactjs-basics@1.0.0 start: `npm run build`
22 error Exit status 1
23 error Failed at the reactjs-basics@1.0.0 start script 'npm run build'.
23 error Make sure you have the latest version of node.js and npm installed.
23 error If you do, this is most likely a problem with the reactjs-basics package,
23 error not with npm itself.
23 error Tell the author that this fails on your system:
23 error     npm run build
23 error You can get information on how to open an issue for this project with:
23 error     npm bugs reactjs-basics
23 error Or if that isn't available, you can get their info via:
23 error     npm owner ls reactjs-basics
23 error There is likely additional logging output above.
24 verbose exit [ 1, true ]
